page 21: 10 unseen articles
  OK https://timeout.co.il/3-מקומות-מיוחדים/ -> 3
  OK https://timeout.co.il/בוקה-איחוד/ -> 1
  OK https://timeout.co.il/מרטינט/ -> 1
  OK https://timeout.co.il/קפה-בוליווד/ -> 1
  OK https://timeout.co.il/הברים-הכי-רומנטיים/ -> 19
  OK https://timeout.co.il/aduda-עדודה/ -> 1
  OK https://timeout.co.il/מסעדות-רומנטיות/ -> 24
  OK https://timeout.co.il/bou-בואו/ -> 1
  OK https://timeout.co.il/פיצה-האט-טבסקו/ -> 1
  OK https://timeout.co.il/ppost/select-zutt/ -> 1
page 21 saved. total cards: 1117 (+53)
page 22: 10 unseen articles
  OK https://timeout.co.il/ppost/select-schnitt/ -> 1
  OK https://timeout.co.il/ppost/ראיסה-חוזרת-לעניינים/ -> 1
  OK https://timeout.co.il/ppost/select-lucky-chicken-franchise/ -> 1
  OK https://timeout.co.il/הפיצות-הטובות-בעולם-2026/ -> 10
  OK https://timeout.co.il/חדשות-האוכל-99/ -> 9
  OK https://timeout.co.il/מישלן-לונדון-oren/ -> 1
  OK https://timeout.co.il/פסטיבל-vin-yard-תדר/ -> 1
  OK https://timeout.co.il/fermentico/ -> 1
  OK https://timeout.co.il/רוז-רמת-הגולן/ -> 1
  OK https://timeout.co.il/פיצה-אורו/ -> 1
page 22 saved. total cards: 1144 (+80)
page 23: 10 unseen articles
  OK https://timeout.co.il/פוש-אפ-סושי/ -> 1
  OK https://timeout.co.il/תפריטי-צהריים/ -> 1
  OK https://timeout.co.il/50-בסט-2026/ -> 1
  OK https://timeout.co.il/קפה-מקלאבין/ -> 1
  OK https://timeout.co.il/בראנץ-האחים/ -> 1
  OK https://timeout.co.il/מסעדות-צרפתיות/ -> 7
  OK https://timeout.co.il/מסעדות-חדשות-פברואר-26/ -> 1
  OK https://timeout.co.il/ppost/chivas-weekend-select/ -> 1
  OK https://timeout.co.il/שושו-איזי-קפה/ -> 1
  OK https://timeout.co.il/jurong-east/ -> 1
page 23 saved. total cards: 1160 (+96)
page 24: 10 unseen articles
  OK https://timeout.co.il/בלה-אייל-שני/ -> 1
  OK https://timeout.co.il/רביבה-וסיליה-צהלה/ -> 1
  OK https://timeout.co.il/7-כיסונים/ -> 6
  OK https://timeout.co.il/בורקס-אבא-תודה/ -> 1
  OK https://timeout.co.il/bobby-from-nowhere/ -> 1
  OK https://timeout.co.il/העבה-של-דומינוס/ -> 1
  OK https://timeout.co.il/כריסטוף-זוגות-26/ -> 1
  OK https://timeout.co.il/פופ-אפ-קרואסון-לחמים/ -> 1
  OK https://timeout.co.il/דדה-במשביר/ -> 1
  OK https://timeout.co.il/שוק-איכרים-פשפשים-ביקור/ -> 1
page 24 saved. total cards: 1175 (+111)
page 25: 10 unseen articles
  OK https://timeout.co.il/מנות-לטעום-עכשיו-0126/ -> 7
  OK https://timeout.co.il/מה-רואים-הלילה-200126/ -> 1
  OK https://timeout.co.il/5-סגירות-0126/ -> 4
  OK https://timeout.co.il/חדשות-האוכל-98/ -> 7
  OK https://timeout.co.il/your-money-is-worth-more-the-13-best-v -> 0
  OK https://timeout.co.il/רן-שמואלי-טור/ -> 1
  OK https://timeout.co.il/הצלחת-של-הארץ-המובטחת-טור/ -> 1
  OK https://timeout.co.il/ווסט-סייד-סגירה/ -> 1
  OK https://timeout.co.il/פאפא-גונס-דודו-אוטמזגין/ -> 1
  OK https://timeout.co.il/קפה-כוס-חדפ/ -> 1
page 25 saved. total cards: 1199 (+135)
page 26: 9 unseen articles
  OK https://timeout.co.il/8th-and-g/ -> 1
  OK https://timeout.co.il/the-most-recommended-italian-restauran -> 0
  OK https://timeout.co.il/25-המנות-של-2025/ -> 25
  OK https://timeout.co.il/חדשות-האוכל-97/ -> 7
  OK https://timeout.co.il/ambassadors-of-the-plate-14-israeli-ch -> 0
  OK https://timeout.co.il/3-אוכל-רחוב-חדש/ -> 3
  OK https://timeout.co.il/אגאדיר-יאקוזה-קנטינה-ביקורת/ -> 1
  OK https://timeout.co.il/משלוחים-מרפאים-בתל-אביב/ -> 9
  OK https://timeout.co.il/תיירות-מישלן-2026/ -> 1
page 26 saved. total cards: 1246 (+182)
page 27: 10 unseen articles
  OK https://timeout.co.il/לאבה-טוקבק/ -> 1
  OK https://timeout.co.il/שלושת-הדובים/ -> 1
  OK https://timeout.co.il/מסעדות-בירושלים/ -> 28
  OK https://timeout.co.il/מסעדות-מומלצות-חיפה/ -> 31
  OK https://timeout.co.il/loki/ -> 1
  OK https://timeout.co.il/goodboy/ -> 1
  OK https://timeout.co.il/מקומות-שחזרו-לתל-אביב/ -> 6
  OK https://timeout.co.il/zutt-פיצה-זוט/ -> 1
  OK https://timeout.co.il/the-20-most-worthwhile-happy-hours-in- -> 19
  OK https://timeout.co.il/החומוס-של-השמן/ -> 1
page 27 saved. total cards: 1336 (+272)
page 28: 10 unseen articles
  OK https://timeout.co.il/תוצרת-שינקין/ -> 1
  OK https://timeout.co.il/ארוחת-טעימות-בתל-אביב/ -> 1
  OK https://timeout.co.il/the-10-best-vegan-restaurants-in-tel-a -> 0
  OK https://timeout.co.il/מסעדות-חדשות-ינואר-26/ -> 11
  OK https://timeout.co.il/the-most-romantic-restaurants-in-the-c -> 0
  OK https://timeout.co.il/יפו-haat/ -> 1
  OK https://timeout.co.il/בראנצים-מומלצים-תל-אביב/ -> 35
  OK https://timeout.co.il/הנסיך-2026/ -> 1
  OK https://timeout.co.il/וולפנייטס-קלאסיק-סגירה/ -> 1
  OK https://timeout.co.il/ppost/מסיבראנץ-בקפה-אירופה/ -> 1
page 28 saved. total cards: 1388 (+324)
page 29: 10 unseen articles
  OK https://timeout.co.il/פוד-טראקס-בתל-אביב/ -> 2
  OK https://timeout.co.il/ארוחות-סילבסטר-נובי-גוד-2025/ -> 30
  OK https://timeout.co.il/עגלות-קפה-תל-אביב/ -> 1
  OK https://timeout.co.il/גוצה-2025/ -> 1
  OK https://timeout.co.il/ציינה-טאון-מטבחים/ -> 6
  OK https://timeout.co.il/חומוס-פרנקל/ -> 1
  OK https://timeout.co.il/טרנדים-אוכל-2025/ -> 8
  OK https://timeout.co.il/מסעדות-טובות-צפון-תל-אביב/ -> 12
  OK https://timeout.co.il/בכיכר-שוק-חיפה/ -> 1
  OK https://timeout.co.il/ppost/select-schnitt-group/ -> 1
page 29 saved. total cards: 1451 (+387)
page 30: 10 unseen articles
  OK https://timeout.co.il/ppost/select-porter/ -> 1
  OK https://timeout.co.il/ppost/select-lauter/ -> 1
  OK https://timeout.co.il/ppost/select-pavella/ -> 1
  OK https://timeout.co.il/איינשטיין-בורגר/ -> 1
  OK https://timeout.co.il/ציינה-טאון-שרונה-מרקט-המלצות/ -> 2
  OK https://timeout.co.il/ppost/select-night-cookie/ -> 1
  OK https://timeout.co.il/קוקו-זן/ -> 1
  OK https://timeout.co.il/ציינה-טאון-שרונה-מרקט-2/ -> 1
  OK https://timeout.co.il/הירושלמית/ -> 1
  OK https://timeout.co.il/קפה-סגפרדו-נסגר/ -> 1
page 30 saved. total cards: 1462 (+398)
page 31: 10 unseen articles
  OK https://timeout.co.il/ppost/select-lucky-chicken/ -> 1
  OK https://timeout.co.il/סילבסטר-הוטל-מונטיפיורי/ -> 1
  OK https://timeout.co.il/ppost/select-agadir/ -> 1
  OK https://timeout.co.il/חדשות-האוכל-96/ -> 11
  OK https://timeout.co.il/לילך-ספיר-עפרה-גנור/ -> 1
  OK https://timeout.co.il/מאנטה-ריי-סגירה/ -> 1
  OK https://timeout.co.il/ppost/select-בית-תאילנדי/ -> 1
  OK https://timeout.co.il/5-קינוחים-חדשים/ -> 5
  OK https://timeout.co.il/ppost/select-anita-gelato/ -> 1
  OK https://timeout.co.il/ppost/select-גוגא/ -> 1
page 31 saved. total cards: 1486 (+422)
page 32: 10 unseen articles
SKIP (לא מקומות בארץ): באים לשחק: 6 מגרשי משחקים קולינריים חדשים ל-6 שפים מעולים - 
  OK https://timeout.co.il/6-מסעדות-פלואידיות/ -> 0
  OK https://timeout.co.il/מסעדות-טובות-דרום-תל-אביב/ -> 15
  OK https://timeout.co.il/מסעדות-חורף-25/ -> 2
  OK https://timeout.co.il/סנטרל-פרק-ניו-יורק/ -> 1
  OK https://timeout.co.il/חברים-מקדונלדס/ -> 1
  OK https://timeout.co.il/קשטוטה/ -> 1
  OK https://timeout.co.il/העיר-של-עומר-ורובל/ -> 5
  OK https://timeout.co.il/אלוף-בצלות-קפה-2/ -> 1
  OK https://timeout.co.il/מנות-חורף-2025/ -> 10
  OK https://timeout.co.il/מרקים-קלאסים-25/ -> 13
page 32 saved. total cards: 1535 (+471)
page 33: 11 unseen articles
  OK https://timeout.co.il/חינאווי-פיתה-בשוק/ -> 1
  OK https://timeout.co.il/ppost/select-cramim/ -> 1
  OK https://timeout.co.il/גסטרו-מכניקו/ -> 1
  OK https://timeout.co.il/בבלה-פופ-אפ/ -> 1
  OK https://timeout.co.il/בראנצים-חדשים-6/ -> 5
  OK https://timeout.co.il/סופלייר-נחלת-בנימין/ -> 1
  OK https://timeout.co.il/סופגניות-מומלצות-2025/ -> 15
  OK https://timeout.co.il/הולי-קאו/ -> 1
  OK https://timeout.co.il/theres-nothing-better-than-this-the-15 -> 0
  OK https://timeout.co.il/writers/time-out-israels-writers/ -> 1
  OK https://timeout.co.il/טור-טבעונות-משק-ברזילי/ -> 1
page 33 saved. total cards: 1563 (+499)
page 34: 10 unseen articles
  OK https://timeout.co.il/מסעדות-חדשות-דצמבר-25/ -> 10
  OK https://timeout.co.il/the-most-recommended-restaurants-bars- -> 0
  OK https://timeout.co.il/rpm-לוינסקי/ -> 1
  OK https://timeout.co.il/מסעדת-o-או/ -> 1
  OK https://timeout.co.il/a-tingle-on-our-tongue-the-18-most-rec -> 1
  OK https://timeout.co.il/kimura-ya-מזאה/ -> 1
  OK https://timeout.co.il/סוף-suf/ -> 1
  OK https://timeout.co.il/פתיחת-שולחן-בתל-אביב/ -> 11
  OK https://timeout.co.il/מתחמים-בתל-אביב/ -> 7
  OK https://timeout.co.il/יותמס-דונאטס/ -> 1
page 34 saved. total cards: 1597 (+533)
page 35: 9 unseen articles
  OK https://timeout.co.il/japan-a-love-story-19-recommended-plac -> 1
  OK https://timeout.co.il/אדורה-פופ-אפ/ -> 1
  OK https://timeout.co.il/winterfest-קומרובסקי/ -> 1
  OK https://timeout.co.il/מסעדות-דגים-תל-אביב/ -> 17
  OK https://timeout.co.il/איפה-הטבעונים/ -> 1
  OK https://timeout.co.il/not-on-injera-alone-5-ethiopian-restau -> 0
  OK https://timeout.co.il/תופין/ -> 1
  OK https://timeout.co.il/ברוש-בר/ -> 1
  OK https://timeout.co.il/גורג-וגון-2025/ -> 1
page 35 saved. total cards: 1621 (+557)
page 36: 10 unseen articles
  OK https://timeout.co.il/דאדי-מעדנייה/ -> 1
  OK https://timeout.co.il/לה-ליסט-2025/ -> 1
  OK https://timeout.co.il/קפה-מטמון-פתוח-סגור/ -> 1
  OK https://timeout.co.il/פירנצה-מסעדות-תיירים/ -> 1
  OK https://timeout.co.il/פאפא-גונס-יד-מרדכי/ -> 1
  OK https://timeout.co.il/chef-show-2025/ -> 1
  OK https://timeout.co.il/ברי-אוכל-מומלצים-בתל-אביב/ -> 21
  OK https://timeout.co.il/drinking-tel-aviv-these-are-the-citys- -> 1
  OK https://timeout.co.il/סושיות-בתל-אביב/ -> 19
  OK https://timeout.co.il/תאילנדיות-בתל-אביב/ -> 17
page 36 saved. total cards: 1685 (+621)
page 37: 10 unseen articles
  OK https://timeout.co.il/5-מסעדות-אתיופיות/ -> 5
  OK https://timeout.co.il/eat-big-the-best-casual-dining-restaur -> 1
  OK https://timeout.co.il/קפה-רוזנבאום/ -> 1
  OK https://timeout.co.il/פופ-אפ-גלנמורנגי/ -> 1
  OK https://timeout.co.il/מפגש-שאבי/ -> 1
  OK https://timeout.co.il/תפריטי-צהריים-נוב25/ -> 5
  OK https://timeout.co.il/ברזינה/ -> 1
  OK https://timeout.co.il/ספייסהאוס-2/ -> 1
  OK https://timeout.co.il/שוק-גלם/ -> 1
  OK https://timeout.co.il/the-tasty-city-15-top-spots-to-eat-and -> 0
page 37 saved. total cards: 1702 (+638)
page 38: 10 unseen articles
  OK https://timeout.co.il/ציקו-מיקו-קרואסון/ -> 1
  OK https://timeout.co.il/eastern-crown-the-21-best-asian-restau -> 0
  OK https://timeout.co.il/31-places-to-eat-really-well-in-jerusa -> 10
  OK https://timeout.co.il/4t-cafe/ -> 1
  OK https://timeout.co.il/נחלת-בנימין-מסעדות/ -> 25
  OK https://timeout.co.il/בראנצים-חדשים-5/ -> 8
  OK https://timeout.co.il/העיר-שלי-מיכל-אפשטיין-חמו/ -> 5
  OK https://timeout.co.il/מושיקו-אברהם-נואמה/ -> 1
  OK https://timeout.co.il/בולנזרי-96-קיוסק/ -> 1
  OK https://timeout.co.il/פסטיבל-החלה/ -> 1
page 38 saved. total cards: 1755 (+691)
page 39: 9 unseen articles
  OK https://timeout.co.il/ברים-בתל-אביב/ -> 1
  OK https://timeout.co.il/הבלקון-יהלומה/ -> 1
  OK https://timeout.co.il/who-needs-restaurants-the-16-most-reco -> 0
  OK https://timeout.co.il/הקונדיטוריות-הטובות-בתל-אביב/ -> 21
  OK https://timeout.co.il/חדשות-האוכל-94/ -> 1
  OK https://timeout.co.il/סניור-מסעדה/ -> 1
  OK https://timeout.co.il/26-most-recommended-fine-dining-restau -> 0
  OK https://timeout.co.il/קפה-מצפור/ -> 1
  OK https://timeout.co.il/מסעדות-זולות/ -> 13
page 39 saved. total cards: 1794 (+730)
page 40: 10 unseen articles
  OK https://timeout.co.il/חיים-כהן-קרן/ -> 1
  OK https://timeout.co.il/פסטיבל-הקינוחים-שרונה-2025/ -> 1
  OK https://timeout.co.il/the-best-kosher-restaurants-in-tel-avi -> 1
  OK https://timeout.co.il/מטעמי-בוכרה/ -> 1
  OK https://timeout.co.il/נקודת-טבע-יפו/ -> 1
  OK https://timeout.co.il/חודש-התססות-עדינה/ -> 1
  OK https://timeout.co.il/אבני-יסוד-תריסר/ -> 1
  OK https://timeout.co.il/the-hottest-street-in-tel-aviv-25-reco -> 0
  OK https://timeout.co.il/ברי-בירה-תל-אביב/ -> 10
  OK https://timeout.co.il/העיר-שלי-אוליביה-פחיירה-נטר/ -> 5
page 40 saved. total cards: 1816 (+752)
page 41: 10 unseen articles
  OK https://timeout.co.il/מנות-טעימות-בתל-אביב-1125/ -> 6
  OK https://timeout.co.il/שרקוטרי/ -> 1
  OK https://timeout.co.il/מסעדות-חדשות-נובמבר-25/ -> 10
  OK https://timeout.co.il/casa-bar/ -> 1
  OK https://timeout.co.il/מועדון-חברים-r2m/ -> 1
  OK https://timeout.co.il/סיח-רביעיית-פלורנטין/ -> 1
  OK https://timeout.co.il/הסמטה-by-chef-panda/ -> 1
  OK https://timeout.co.il/שוק-איכרים-שוק-פשפשים/ -> 1
  OK https://timeout.co.il/חדשות-האוכל-93/ -> 10
  OK https://timeout.co.il/סטריטס-סגירה/ -> 1
page 41 saved. total cards: 1849 (+785)
page 42: 9 unseen articles
  OK https://timeout.co.il/אוטו-יין-ירקון-מזרח/ -> 1
  OK https://timeout.co.il/הונג-באו-שרונה/ -> 1
  OK https://timeout.co.il/בל-עמי-bel-ami/ -> 1
  OK https://timeout.co.il/פאראיסו-קפה/ -> 1
  OK https://timeout.co.il/דיינינגס-חוזרת-שוב/ -> 1
  OK https://timeout.co.il/לה-טיגרה-בזל/ -> 1
  OK https://timeout.co.il/fe-אפי/ -> 1
  OK https://timeout.co.il/בסטה-דגים/ -> 1
  OK https://timeout.co.il/אימפריאל-סגירה/ -> 1
page 42 saved. total cards: 1858 (+794)
page 43: 10 unseen articles
  OK https://timeout.co.il/אסא-asa/ -> 1
  OK https://timeout.co.il/פופ-אפ-מאצה/ -> 1
  OK https://timeout.co.il/המקומות-הכי-שמחים-בתל-אביב/ -> 17
  OK https://timeout.co.il/טור-דעה-סוכרת/ -> 1
  OK https://timeout.co.il/חדשות-האוכל-92/ -> 7
  OK https://timeout.co.il/פארק-המסילה-עסקים/ -> 20
  OK https://timeout.co.il/כיסונים-בתל-אביב/ -> 9
  OK https://timeout.co.il/motek-ניו-יורק/ -> 1
  OK https://timeout.co.il/קריספי-ציקן-בתל-אביב/ -> 11
  OK https://timeout.co.il/פתוח-מאוחר-תל-אביב/ -> 15
page 43 saved. total cards: 1941 (+877)
page 44: 10 unseen articles
  OK https://timeout.co.il/בתי-קפה-טובים-בתל-אביב/ -> 1
  OK https://timeout.co.il/eso-אסו/ -> 1
  OK https://timeout.co.il/שנתיים-למלחמה-מסעדות/ -> 1
  OK https://timeout.co.il/מסעדות-טובות-מרכז-תל-אביב/ -> 28
  OK https://timeout.co.il/מסעדות-חדשות-אוקטובר-25/ -> 10
  OK https://timeout.co.il/רופטופ-תל-אביב/ -> 10
  OK https://timeout.co.il/נחת-מתפצל/ -> 1
  OK https://timeout.co.il/אוטוטו/ -> 1
  OK https://timeout.co.il/גאאז-geez/ -> 1
  OK https://timeout.co.il/חדשות-האוכל-91/ -> 6
page 44 saved. total cards: 2001 (+937)
page 45: 10 unseen articles
  OK https://timeout.co.il/אבשה-והפוקאצה/ -> 1
  OK https://timeout.co.il/מונאר-סגירה/ -> 1
  OK https://timeout.co.il/אופטימיות-קולינריה-ישראלית/ -> 1
  OK https://timeout.co.il/סגירות-מסעדה-תשפה/ -> 20
  OK https://timeout.co.il/העיר-שלי-שרונה-ברגר/ -> 5
  OK https://timeout.co.il/מסעדות-ראש-השנה/ -> 13
  OK https://timeout.co.il/מסעדות-יפו/ -> 1
  OK https://timeout.co.il/בר-חניון/ -> 1
  OK https://timeout.co.il/אגאדיר-קריספי-ציקן-אדיר/ -> 1
  OK https://timeout.co.il/קוהי-בית-קפה/ -> 1
page 45 saved. total cards: 2046 (+982)
page 46: 10 unseen articles
  OK https://timeout.co.il/חדשות-האוכל-90/ -> 14
  OK https://timeout.co.il/שבעה-באוקטובר-2025/ -> 1
  OK https://timeout.co.il/עוגות-ראש-השנה-2025/ -> 18
  OK https://timeout.co.il/lab-7-1-2025/ -> 1
  OK https://timeout.co.il/דניאל-פטיסרי/ -> 1
  OK https://timeout.co.il/קפה-פרימו/ -> 1
  OK https://timeout.co.il/תריסר-שנתיים-טור/ -> 1
  OK https://timeout.co.il/ארלי-בר-יין/ -> 1
  OK https://timeout.co.il/ביינה-ריאיון/ -> 1
  OK https://timeout.co.il/כאוס-קפה-סביח-הרצל/ -> 1
page 46 saved. total cards: 2086 (+1022)
page 47: 10 unseen articles
  OK https://timeout.co.il/אוקטוברפסט-שרונה-2025/ -> 1
  OK https://timeout.co.il/מסעדות-סתיו-2025/ -> 5
  OK https://timeout.co.il/בשרים-יוליה/ -> 1
  OK https://timeout.co.il/רושפלד-בדנון/ -> 1
  OK https://timeout.co.il/נטפליקס-בן-אנד-גריס/ -> 1
  OK https://timeout.co.il/חדשות-האוכל-89/ -> 12
  OK https://timeout.co.il/בראסרי-18-לבונטין/ -> 1
  OK https://timeout.co.il/obi-אובי/ -> 1
  OK https://timeout.co.il/קפה-ספיישלטי-תל-אביב/ -> 22
  OK https://timeout.co.il/פופ-אפ-אסייתי-ביג-גלילות/ -> 1
page 47 saved. total cards: 2132 (+1068)
page 48: 10 unseen articles
  OK https://timeout.co.il/קציר-קמפינסקי/ -> 1
  OK https://timeout.co.il/דניאל-עמית-עוגת-יומולדת/ -> 1
  OK https://timeout.co.il/אנג׳לינו/ -> 1
  OK https://timeout.co.il/בר-ורמיני-bar-vermini/ -> 1
  OK https://timeout.co.il/תערוכת-וויסקי-11/ -> 1
  OK https://timeout.co.il/מסעדנים-נגד-הרעבה-בעזה/ -> 1
  OK https://timeout.co.il/האטצוס-ביקורת/ -> 1
  OK https://timeout.co.il/שאולה/ -> 1
  OK https://timeout.co.il/החלון-פיצה/ -> 1
  OK https://timeout.co.il/מסעדות-חוף-מומלצות-תל-אביב/ -> 9
page 48 saved. total cards: 2150 (+1086)
page 49: 10 unseen articles
  OK https://timeout.co.il/בר-זוהר/ -> 1
  OK https://timeout.co.il/נאפה-כעכ-מתחם-התחנה/ -> 1
  OK https://timeout.co.il/לאקי-ציקן-תל-אביב/ -> 1
  OK https://timeout.co.il/איפה-שותים-מאצה/ -> 1
  OK https://timeout.co.il/מסעדות-חדשות-ספטמבר-25/ -> 12
  OK https://timeout.co.il/הונג-באו/ -> 1
  OK https://timeout.co.il/bandit-בנדיט/ -> 1
  OK https://timeout.co.il/מאפיית-סניורה/ -> 1
  OK https://timeout.co.il/איפה-אוכלים-עם-כל-המשפחה/ -> 1
  OK https://timeout.co.il/מסעדות-ששונו-0825/ -> 7
page 49 saved. total cards: 2177 (+1113)
page 50: 10 unseen articles
  OK https://timeout.co.il/חדשות-האוכל-88/ -> 10
  OK https://timeout.co.il/חוף-מציצים-חדש/ -> 1
  OK https://timeout.co.il/אניצ׳ה-anicca/ -> 1
  OK https://timeout.co.il/גאזטי/ -> 1
  OK https://timeout.co.il/קפה-פלור-cafe-fleur/ -> 1
  OK https://timeout.co.il/האפי-האוור-תל-אביב/ -> 25
  OK https://timeout.co.il/גורנו-שרונה/ -> 1
  OK https://timeout.co.il/פריז-טקסס-היכל-מנורה/ -> 1
  OK https://timeout.co.il/חדשות-האוכל-87/ -> 9
  OK https://timeout.co.il/פופ-אפ-חברים/ -> 1
page 50 saved. total cards: 2228 (+1164)
page 51: 10 unseen articles
  OK https://timeout.co.il/מסעדות-כשרות-תל-אביב/ -> 17
  OK https://timeout.co.il/בבנג-בנג/ -> 1
  OK https://timeout.co.il/פיפיז-בבית/ -> 1
  OK https://timeout.co.il/חודש-יפן-בסנטר-2025/ -> 1
  OK https://timeout.co.il/שביתה-מסעדות-1708/ -> 1
  OK https://timeout.co.il/המקום-שגידל-אותי-נחמה-וחצי/ -> 1
  OK https://timeout.co.il/המקום-שגידל-הר-סיני/ -> 1
  OK https://timeout.co.il/המקום-שגידל-מגזינו/ -> 1
  OK https://timeout.co.il/ארוחת-שבת-ניו-יורק/ -> 1
  OK https://timeout.co.il/קפה-שילה/ -> 1
page 51 saved. total cards: 2254 (+1190)
page 52: 10 unseen articles
  OK https://timeout.co.il/שוק-המושבה/ -> 1
  OK https://timeout.co.il/3-מקומות-לילה-בשוק-הכרמל/ -> 3
  OK https://timeout.co.il/pranzo-פראנזו/ -> 1
  OK https://timeout.co.il/האפי-האוור-0825/ -> 8
  OK https://timeout.co.il/העיר-שלי-עומר-לגזיאל/ -> 5
  OK https://timeout.co.il/3-מנות-קטנות-וטובות/ -> 3
  OK https://timeout.co.il/קפה-בכרם-ביסטרו/ -> 1
  OK https://timeout.co.il/ברים-לפיק-אפ-תל-אביב/ -> 9
  OK https://timeout.co.il/make-norish-great-again/ -> 1
  OK https://timeout.co.il/בר-יין-רומנטי-תל-אביב/ -> 12
page 52 saved. total cards: 2298 (+1234)
page 53: 9 unseen articles
  OK https://timeout.co.il/טור-חום-יולי-אוגוסט/ -> 1
  OK https://timeout.co.il/פופולה-קפה/ -> 1
  OK https://timeout.co.il/אקסטרים-unicone-יוניקורן/ -> 1
  OK https://timeout.co.il/terra-קפה/ -> 1
  OK https://timeout.co.il/ויה-מאריס-אתונה/ -> 1
  OK https://timeout.co.il/גושוע-דלי-שרי-הרינג/ -> 1
  OK https://timeout.co.il/מנרה/ -> 1
  OK https://timeout.co.il/דיצה-בר-קפה/ -> 1
  OK https://timeout.co.il/חדשות-האוכל-86/ -> 13
page 53 saved. total cards: 2319 (+1255)
page 54: 9 unseen articles
  OK https://timeout.co.il/tyo-יותר-יפני-מיפני/ -> 3
  OK https://timeout.co.il/מסעדות-חדשות-אוגוסט-25/ -> 13
  OK https://timeout.co.il/juniper-גוניפר/ -> 1
  OK https://timeout.co.il/קלארו-לונדון-מישלן/ -> 1
  OK https://timeout.co.il/תשעה-באב-2025-מסעדות/ -> 1
  OK https://timeout.co.il/גלידות-חדשות-2025/ -> 8
  OK https://timeout.co.il/לחמים-פיצה-בבקה/ -> 1
  OK https://timeout.co.il/מסעדות-חדשות-3107/ -> 7
  OK https://timeout.co.il/אושר-קפה/ -> 1
page 54 saved. total cards: 2355 (+1291)
page 55: 10 unseen articles
  OK https://timeout.co.il/tlvineyard/ -> 1
  OK https://timeout.co.il/ליקווידיום/ -> 1
  OK https://timeout.co.il/lookout-לוקאאוט/ -> 1
  OK https://timeout.co.il/נחמה-וחצי-גיוס/ -> 1
  OK https://timeout.co.il/3-מקומות-להיט/ -> 3
  OK https://timeout.co.il/מנזר-חזר/ -> 1
  OK https://timeout.co.il/molam-מולאם/ -> 1
  OK https://timeout.co.il/מסעדות-מול-הים/ -> 16
  OK https://timeout.co.il/שמירז-schmearz/ -> 1
  OK https://timeout.co.il/קפה-לפטופ-מרכז-תל-אביב/ -> 7
page 55 saved. total cards: 2388 (+1324)
page 56: 9 unseen articles
  OK https://timeout.co.il/נחמה-וחצי-הודעת-סגירה/ -> 1
  OK https://timeout.co.il/קפה-10-10-מטמון/ -> 1
  OK https://timeout.co.il/היט-סמאש-בורגר/ -> 1
  OK https://timeout.co.il/טאקו-בא-taco-ba/ -> 1
  OK https://timeout.co.il/חדשות-האוכל-85/ -> 9
  OK https://timeout.co.il/המשטרה-סגרה-את-המנזר/ -> 1
  OK https://timeout.co.il/לה-בוהם-נווה-צדק/ -> 1
  OK https://timeout.co.il/דדה-המשביר-סגירה-טור/ -> 1
  OK https://timeout.co.il/מנות-שנעלמו-במלחמה/ -> 8
page 56 saved. total cards: 2412 (+1348)
page 57: 10 unseen articles
  OK https://timeout.co.il/עגלות-קפה-מחוץ-לתל-אביב/ -> 12
  OK https://timeout.co.il/3-תוספות-המבורגר-מוזרות/ -> 3
  OK https://timeout.co.il/fritto-פריטו/ -> 1
  OK https://timeout.co.il/אורבי-סגירה/ -> 1
  OK https://timeout.co.il/פלורה/ -> 1
  OK https://timeout.co.il/פרונטו-בר-51/ -> 1
  OK https://timeout.co.il/קאסה-מאיה/ -> 1
  OK https://timeout.co.il/חגיגה-של-קפה/ -> 1
  OK https://timeout.co.il/בנדיקט-סגירה/ -> 1
  OK https://timeout.co.il/יין-בטבע-הגן-הבוטני/ -> 1
page 57 saved. total cards: 2435 (+1371)
page 58: 10 unseen articles
  OK https://timeout.co.il/3-פיצות-מפוספסות/ -> 3
  OK https://timeout.co.il/פורט-שף-2025/ -> 1
  OK https://timeout.co.il/מסעדות-לכל-המשפחה-תל-אביב/ -> 13
  OK https://timeout.co.il/חדשות-האוכל-84/ -> 10
  OK https://timeout.co.il/בורקס-הנשיא-תל-אביב/ -> 1
  OK https://timeout.co.il/3-מנות-מיתולוגיות/ -> 3
  OK https://timeout.co.il/not-your-nonnas/ -> 1
  OK https://timeout.co.il/המסעדות-הכי-טובות-פלורנטין/ -> 25
  OK https://timeout.co.il/3-מקומות-בנחלת-בנימין/ -> 3
  OK https://timeout.co.il/ריפ-המבורגר/ -> 1
page 58 saved. total cards: 2496 (+1432)
page 59: 10 unseen articles
  OK https://timeout.co.il/3-כריכי-בשר/ -> 3
  OK https://timeout.co.il/חופשה-אירופה-יין-2025/ -> 1
  OK https://timeout.co.il/קונתאי-סגירה/ -> 1
  OK https://timeout.co.il/3-ברי-יין-רומנטים/ -> 3
  OK https://timeout.co.il/ויקינג-אסיף/ -> 1
  OK https://timeout.co.il/קפה-אלוף-בצלות-סגירה/ -> 1
  old (2025-07-06): https://timeout.co.il/הדוב-שפים/
  old (2025-07-06): https://timeout.co.il/גיטה-לוינסקי/
  old (2025-07-06): https://timeout.co.il/3-מנות-חריפות/
  old (2025-07-05): https://timeout.co.il/ביג-גלילות-מסעדות/
page 59 saved. total cards: 2506 (+1442)
page 60: 10 unseen articles
  old (2025-07-05): https://timeout.co.il/קראנץ-מאנץ/
  old (2025-07-03): https://timeout.co.il/קפה-פיקניק/
  old (2025-07-03): https://timeout.co.il/3-מקומות-לשיפודים/
  old (2025-07-02): https://timeout.co.il/shwami-אפליקציית-שווארמה/
  old (2025-07-02): https://timeout.co.il/pop-n-roll-פופ-נ-רול/
  old (2025-07-01): https://timeout.co.il/ביסטרו-אופנהיימר/
  old (2025-07-01): https://timeout.co.il/3-מקומות-דגים-מטוגנים/
  old (2025-07-01): https://timeout.co.il/מסעדות-חדשות-יולי-25/
  old (2025-06-30): https://timeout.co.il/kazoof-קצוף-פופ-אפ/
  old (2025-06-30): https://timeout.co.il/beef-ביף-שרונה-מרקט/
page 60 saved. total cards: 2506 (+1442)
page 61: newest item 2025-06-29 < cutoff — done

DONE. added 1442 cards, total 2506
