page 1: 0 unseen articles
page 1 saved. total cards: 89 (+0)
page 2: 9 unseen articles
  OK https://timeout.co.il/סגירות-05-06-26/ -> 11
  OK https://timeout.co.il/קלבריה-בן-ציון/ -> 1
  OK https://timeout.co.il/קוקו-נקו-צומת-הפיל/ -> 1
  OK https://timeout.co.il/בבנג-בנג-סגירה/ -> 1
  OK https://timeout.co.il/מסעדות-אסייתיות-מומלצות-תל-אביב/ -> 32
  OK https://timeout.co.il/מנות-מהדוב/ -> 5
  OK https://timeout.co.il/פאסטל-שינוי-שף/ -> 1
  OK https://timeout.co.il/חדשות-האוכל-105/ -> 10
  OK https://timeout.co.il/27-שנים-לאונמי/ -> 1
page 2 saved. total cards: 152 (+63)
page 3: 10 unseen articles
  OK https://timeout.co.il/סיטארה-סגירה/ -> 1
  OK https://timeout.co.il/נשים-מוזגות-קיץ-טנא/ -> 1
  OK https://timeout.co.il/מונקה-סגירה-זמנית/ -> 1
  OK https://timeout.co.il/יינות-ליל-קיץ/ -> 1
  OK https://timeout.co.il/וונסדיי-wednesday-wine-bar/ -> 1
  OK https://timeout.co.il/דוד-טור/ -> 2
  OK https://timeout.co.il/חדשות-האוכל-104/ -> 12
  OK https://timeout.co.il/אוזריה-מתחדשת/ -> 1
  OK https://timeout.co.il/פסאדור-עינב-אזגורי/ -> 1
  OK https://timeout.co.il/נמל-יפו-פסטיבלים/ -> 1
page 3 saved. total cards: 174 (+85)
page 4: 10 unseen articles
  OK https://timeout.co.il/שווארמה-סטיישן/ -> 1
  OK https://timeout.co.il/30-שנה-בית-תאילנדי/ -> 1
  OK https://timeout.co.il/o-סגירה/ -> 1
  OK https://timeout.co.il/מרגוזה-סגירה/ -> 1
  OK https://timeout.co.il/מלח-מים/ -> 1
  OK https://timeout.co.il/ppost/select-cramim-sgula/ -> 5
  OK https://timeout.co.il/ערי-האוכל-2026/ -> 20
  OK https://timeout.co.il/מסעדות-קזואל-תל-אביב/ -> 39
  OK https://timeout.co.il/תבואה-צפונית-2026/ -> 6
  OK https://timeout.co.il/מארזי-מונדיאל-2026/ -> 9
page 4 saved. total cards: 258 (+169)
page 5: 10 unseen articles
  OK https://timeout.co.il/בייגלה-ניו-יורק/ -> 1
  OK https://timeout.co.il/trattoria-una-טרטוריה-אונה/ -> 1
  OK https://timeout.co.il/סטף-תל-אביב/ -> 1
  OK https://timeout.co.il/קפה-התחתית-פתוח/ -> 1
  OK https://timeout.co.il/טור-מלחמת-איראן-השלישית/ -> 1
  OK https://timeout.co.il/בר-פרונטו-ביקור/ -> 1
  OK https://timeout.co.il/ברטה-מסעדה/ -> 1
  OK https://timeout.co.il/מסעדות-פיין-דיינינג-1124/ -> 25
  OK https://timeout.co.il/חדשות-האוכל-103/ -> 9
  OK https://timeout.co.il/פורט-שף-2026/ -> 1
page 5 saved. total cards: 300 (+211)
page 6: 10 unseen articles
  OK https://timeout.co.il/ארץ-יין-2026/ -> 1
  OK https://timeout.co.il/מסעדות-חדשות-יוני-2026/ -> 8
  OK https://timeout.co.il/fugazzi/ -> 1
  OK https://timeout.co.il/שוק-הנמל-סוף/ -> 1
  OK https://timeout.co.il/הגלידריות-הכי-טובות/ -> 15
  OK https://timeout.co.il/beach-craft/ -> 1
  OK https://timeout.co.il/קפה-שפירא-אשכבה/ -> 1
  OK https://timeout.co.il/dopo/ -> 1
  OK https://timeout.co.il/ההמבורגרים-הכי-טובים-בעולם/ -> 14
  OK https://timeout.co.il/פופ-אפ-כאן-11/ -> 1
page 6 saved. total cards: 344 (+255)
page 7: 10 unseen articles
  OK https://timeout.co.il/חצרות-יין/ -> 5
  OK https://timeout.co.il/ppost/פארוק-בשוק/ -> 1
  OK https://timeout.co.il/בראנצים-מומלצים-תל-אביב-2/ -> 35
  OK https://timeout.co.il/הולי-מוזס/ -> 1
  OK https://timeout.co.il/k3/ -> 1
  OK https://timeout.co.il/chez-nous-שה-נו/ -> 1
  OK https://timeout.co.il/ההמבורגרים-הטובים-בתל-אביב/ -> 24
  OK https://timeout.co.il/סיור-אוכל-נווה-שאנן/ -> 1
  OK https://timeout.co.il/פינלנד/ -> 1
  OK https://timeout.co.il/רדלר-אבי-ביטון/ -> 1
page 7 saved. total cards: 415 (+326)
page 8: 10 unseen articles
  OK https://timeout.co.il/בר-פרונטו/ -> 1
  OK https://timeout.co.il/עוגות-גבינה-2026/ -> 17
  OK https://timeout.co.il/קפה-עברי-סגירה/ -> 1
  OK https://timeout.co.il/3-מקומות-למשקאות/ -> 3
  OK https://timeout.co.il/oscars-שניצל/ -> 1
  OK https://timeout.co.il/house-of-mix-and-matcha/ -> 1
  OK https://timeout.co.il/the-great-nosh-2026/ -> 1
  OK https://timeout.co.il/ליל-אנגל/ -> 1
  OK https://timeout.co.il/המלצות-תל-אביב-eat-2026/ -> 7
  OK https://timeout.co.il/קפה-ניסו-נסגר/ -> 1
page 8 saved. total cards: 449 (+360)
page 9: 9 unseen articles
  OK https://timeout.co.il/הגלריה-למכונות-לקפה/ -> 1
  OK https://timeout.co.il/dopo-apollo/ -> 1
  OK https://timeout.co.il/אואזיס-סגירה/ -> 1
  OK https://timeout.co.il/גיל-דהאן-גוזפין-בייקר/ -> 1
  OK https://timeout.co.il/אריא-נסגרת/ -> 1
  OK https://timeout.co.il/מסעדות-חדשות-מאי-2026/ -> 9
  OK https://timeout.co.il/3-נקסט-דור/ -> 3
  OK https://timeout.co.il/גן-סיפור-תל-אביב/ -> 1
  OK https://timeout.co.il/פטרוזיליה-שרונה/ -> 1
page 9 saved. total cards: 468 (+379)
page 10: 10 unseen articles
  OK https://timeout.co.il/יריד-מרימים-לעצמאים/ -> 1
  OK https://timeout.co.il/טאקו-בתל-אביב/ -> 7
  OK https://timeout.co.il/רנארד-סטייקהאוס-עזריאלי/ -> 1
  OK https://timeout.co.il/בראנצים-חדשים-0526/ -> 5
  OK https://timeout.co.il/51-backyard/ -> 1
  OK https://timeout.co.il/מסעדות-איטלקיות-מומלצות/ -> 25
  OK https://timeout.co.il/קפה-שפירא-נסגר/ -> 1
  OK https://timeout.co.il/שוק-הכרמל-3/ -> 31
  OK https://timeout.co.il/wine-open-house/ -> 1
  OK https://timeout.co.il/אסיף-להיסגר/ -> 1
page 10 saved. total cards: 542 (+453)
page 11: 10 unseen articles
  OK https://timeout.co.il/קולינריה-קניון-רמת-אביב/ -> 1
  OK https://timeout.co.il/נאי-nai/ -> 1
  OK https://timeout.co.il/תל-אביב-eat-2026/ -> 1
  OK https://timeout.co.il/קצה-הפיתה-אסיף/ -> 4
  OK https://timeout.co.il/גילה-וננסי-ברלין/ -> 1
  OK https://timeout.co.il/sabra/ -> 1
  OK https://timeout.co.il/חמארה-דה-פיגוטו/ -> 1
  OK https://timeout.co.il/בתי-קפה-ללפטופ-בתל-אביב/ -> 17
  OK https://timeout.co.il/חדשות-האוכל-101/ -> 8
  OK https://timeout.co.il/מאפיות-מומלצות-תל-אביב/ -> 30
page 11 saved. total cards: 607 (+518)
page 12: 7 unseen articles
  OK https://timeout.co.il/פסטיבל-רק-היום/ -> 1
  OK https://timeout.co.il/קליפורניה-הדסטארט/ -> 1
  OK https://timeout.co.il/שוק-הפשפשים-מומלצים/ -> 17
  OK https://timeout.co.il/משקאות-זיכרון/ -> 6
  OK https://timeout.co.il/האטליזים-הכי-טובים-בתל-אביב/ -> 17
  OK https://timeout.co.il/גרציאני-עגלת-קפה/ -> 1
  OK https://timeout.co.il/מסעדות-בשר-תל-אביב/ -> 12
page 12 saved. total cards: 662 (+573)
page 13: 7 unseen articles
  OK https://timeout.co.il/בתי-קפה-פתוחים-בשבת-4/ -> 38
  OK https://timeout.co.il/בורגר-סטיישן-דיזנגוף/ -> 1
  OK https://timeout.co.il/אבי-ביטון-רדלר/ -> 1
  OK https://timeout.co.il/מטבח-לילה-מתחדשת/ -> 1
  OK https://timeout.co.il/ברטה-קניון-רמת-אביב/ -> 1
  OK https://timeout.co.il/שוקולולו-סגירה/ -> 1
  OK https://timeout.co.il/מסעדות-בזמן-מלחמה/ -> 11
page 13 saved. total cards: 716 (+627)
page 14: 10 unseen articles
  OK https://timeout.co.il/מרלוזה-tequila-tacos/ -> 1
  OK https://timeout.co.il/ברים-מומלצים/ -> 42
  OK https://timeout.co.il/רמי-בר/ -> 1
  OK https://timeout.co.il/סמאשבורגר-אגאדיר/ -> 1
  OK https://timeout.co.il/מימונה-2026/ -> 9
  OK https://timeout.co.il/חמץ-בתל-אביב-2026/ -> 14
  OK https://timeout.co.il/מיא-בר-יין/ -> 1
  OK https://timeout.co.il/מסעדות-חדשות-אפריל-26/ -> 9
  OK https://timeout.co.il/פיצה-לילה-שינקין/ -> 1
  OK https://timeout.co.il/לא-כשר-לפסח-תל-אביב/ -> 15
page 14 saved. total cards: 810 (+721)
page 15: 9 unseen articles
  OK https://timeout.co.il/טיפ-סדר/ -> 10
  OK https://timeout.co.il/עוגות-לפסח-2026/ -> 10
  OK https://timeout.co.il/שינקין-21-א/ -> 1
  OK https://timeout.co.il/מתוקים-לעת-מלחמה/ -> 7
  OK https://timeout.co.il/חמץ-אקספרס/ -> 1
  OK https://timeout.co.il/cafe-tzin/ -> 1
  OK https://timeout.co.il/טאקו-דה-לוליטה/ -> 1
  OK https://timeout.co.il/טעם-הצפון-במרכז/ -> 1
  OK https://timeout.co.il/יושבים-אוכלים/ -> 1
page 15 saved. total cards: 843 (+754)
page 16: 10 unseen articles
  OK https://timeout.co.il/מנות-יווניות-בתל-אביב/ -> 8
  OK https://timeout.co.il/ריספשן-בל-עמי/ -> 4
  OK https://timeout.co.il/קוטה-cotta/ -> 1
  OK https://timeout.co.il/קלארו-טור/ -> 3
  OK https://timeout.co.il/פתיחות-בזמן-מלחמה/ -> 6
  OK https://timeout.co.il/מנות-משלוח-במלחמה/ -> 7
  OK https://timeout.co.il/בתי-קפה-עם-מרחב-מוגן/ -> 7
  OK https://timeout.co.il/אוכל-רחוב-מלחמה/ -> 7
  OK https://timeout.co.il/שוק-הפשפשים-דיזנגוף/ -> 1
  OK https://timeout.co.il/הגריל-רום-חוזרת/ -> 1
page 16 saved. total cards: 888 (+799)
page 17: 10 unseen articles
  OK https://timeout.co.il/טנא-רמת-אביב-ג/ -> 1
  OK https://timeout.co.il/בלה-מיה/ -> 1
  OK https://timeout.co.il/מותק-ניו-יורק/ -> 1
  OK https://timeout.co.il/סיוע-למסעדות-מלחמת-איראן/ -> 1
  OK https://timeout.co.il/פיצות-חדשות/ -> 3
  OK https://timeout.co.il/she-wine-bar/ -> 1
  OK https://timeout.co.il/מסעדות-עם-מרחב-מוגן/ -> 9
  OK https://timeout.co.il/הפיצות-הכי-טובות/ -> 23
  OK https://timeout.co.il/סיוע-למסעדות-במלחמה/ -> 1
  OK https://timeout.co.il/דמוליקו-demolico/ -> 1
page 17 saved. total cards: 930 (+841)
page 18: 10 unseen articles
  OK https://timeout.co.il/אביב-אטינגר-משייה/ -> 1
  OK https://timeout.co.il/tau77/ -> 1
  OK https://timeout.co.il/לוקה-קפה/ -> 1
  OK https://timeout.co.il/המעדניות-הכי-טובות-בתל-אביב-2/ -> 34
  OK https://timeout.co.il/תפריטי-מלחמה/ -> 4
  OK https://timeout.co.il/מסעדות-ישראליות-ניו-יורק/ -> 1
  OK https://timeout.co.il/משלוחים-מלחמת-איראן/ -> 6
  OK https://timeout.co.il/מסעדות-חדשות-מרץ-26/ -> 8
  OK https://timeout.co.il/משלוחים-במלחמה-2/ -> 10
  OK https://timeout.co.il/מלכה-ניו-יורק-ביקורת/ -> 1
page 18 saved. total cards: 997 (+908)
page 19: 10 unseen articles
  OK https://timeout.co.il/עסקים-שנפגעו-מטיל/ -> 1
  OK https://timeout.co.il/חדשות-האוכל-100/ -> 13
  OK https://timeout.co.il/אוזני-המן-2026/ -> 10
  OK https://timeout.co.il/ברי-קוקטיילים-תל-אביב/ -> 10
  OK https://timeout.co.il/בושוויק-מרלוזה-סגירה/ -> 1
  OK https://timeout.co.il/תחרות-השף-הצעיר-סן-פלגרינו/ -> 1
  OK https://timeout.co.il/אייבי-סגירה/ -> 1
  OK https://timeout.co.il/היבואן-תל-אביב/ -> 1
  OK https://timeout.co.il/מאנטה-ריי-עלמה-ביץ-חדש/ -> 1
  OK https://timeout.co.il/קבב-אל-סולטאן/ -> 1
page 19 saved. total cards: 1037 (+948)
page 20: 9 unseen articles
  OK https://timeout.co.il/אור-אש/ -> 1
  OK https://timeout.co.il/אונמי-החדשה-onami/ -> 1
  OK https://timeout.co.il/מסעדות-טבעוניות-בתל-אביב/ -> 11
  OK https://timeout.co.il/ימה-ביג-גלילות/ -> 1
  OK https://timeout.co.il/ריאיון-גרמי-פוגל/ -> 1
  OK https://timeout.co.il/אוכל-רחוב-חדש-180226/ -> 3
  OK https://timeout.co.il/בראנצים-חדשים-0226/ -> 7
  OK https://timeout.co.il/מנה-משלה-2026/ -> 1
  OK https://timeout.co.il/גונז-ורד-שובל/ -> 1
page 20 saved. total cards: 1064 (+975)
page 21: fetch failed (HTTPSConnectionPool(host='timeout.co.il', port=443): Read timed out. (read timeout=30)) — stopping

DONE. added 975 cards, total 1064
